[ 2021-11-12 11:56:37 ] [ localhost:9999 ] http://localhost:9999/ is alive
[ 2021-11-12 11:56:37 ] [ localhost:9999 ] http://localhost:9999/shop is alive
[ 2021-11-12 11:56:37 ] [ localhost:9999 ] http://localhost:9999/users is alive
[ 2021-11-12 11:56:37 ] [ localhost:9999 ] http://localhost:9999/api/auth/login is alive
[ 2021-11-12 11:56:37 ] [ localhost:9999 ] http://localhost:9999/api/auth/logout is alive
[ 2021-11-12 11:56:37 ] [ localhost:9999 ] Can't access http://localhost:9999/admin/ctrl
[ 2021-11-12 11:56:40 ] [ localhost:9999 ] http://localhost:9999/ is alive
[ 2021-11-12 11:56:40 ] [ localhost:9999 ] http://localhost:9999/shop is alive
[ 2021-11-12 11:56:40 ] [ localhost:9999 ] http://localhost:9999/users is alive
[ 2021-11-12 11:56:40 ] [ localhost:9999 ] http://localhost:9999/api/auth/login is alive
[ 2021-11-12 11:56:40 ] [ localhost:9999 ] http://localhost:9999/api/auth/logout is alive
[ 2021-11-12 11:56:40 ] [ localhost:9999 ] Can't access http://localhost:9999/admin/ctrl
[ 2021-11-12 11:56:43 ] [ localhost:9999 ] http://localhost:9999/ is alive
[ 2021-11-12 11:56:43 ] [ localhost:9999 ] http://localhost:9999/shop is alive
[ 2021-11-12 11:56:43 ] [ localhost:9999 ] http://localhost:9999/users is alive
[ 2021-11-12 11:56:43 ] [ localhost:9999 ] http://localhost:9999/api/auth/login is alive
[ 2021-11-12 11:56:43 ] [ localhost:9999 ] http://localhost:9999/api/auth/logout is alive
[ 2021-11-12 11:56:43 ] [ localhost:9999 ] Can't access http://localhost:9999/admin/ctrl
[ 2021-11-12 11:56:46 ] [ localhost:9999 ] http://localhost:9999/ is alive
[ 2021-11-12 11:56:46 ] [ localhost:9999 ] http://localhost:9999/shop is alive
[ 2021-11-12 11:56:46 ] [ localhost:9999 ] http://localhost:9999/users is alive
[ 2021-11-12 11:56:46 ] [ localhost:9999 ] http://localhost:9999/api/auth/login is alive
[ 2021-11-12 11:56:46 ] [ localhost:9999 ] http://localhost:9999/api/auth/logout is alive
[ 2021-11-12 11:56:46 ] [ localhost:9999 ] Can't access http://localhost:9999/admin/ctrl
[ 2021-11-12 11:56:49 ] [ localhost:9999 ] http://localhost:9999/ is alive
[ 2021-11-12 11:56:49 ] [ localhost:9999 ] http://localhost:9999/shop is alive
[ 2021-11-12 11:56:49 ] [ localhost:9999 ] http://localhost:9999/users is alive
[ 2021-11-12 11:56:49 ] [ localhost:9999 ] http://localhost:9999/api/auth/login is alive
[ 2021-11-12 11:56:49 ] [ localhost:9999 ] http://localhost:9999/api/auth/logout is alive
[ 2021-11-12 11:56:49 ] [ localhost:9999 ] Can't access http://localhost:9999/admin/ctrl
[ 2021-11-12 11:56:52 ] [ localhost:9999 ] http://localhost:9999/ is alive
[ 2021-11-12 11:56:52 ] [ localhost:9999 ] http://localhost:9999/shop is alive
[ 2021-11-12 11:56:52 ] [ localhost:9999 ] http://localhost:9999/users is alive
[ 2021-11-12 11:56:52 ] [ localhost:9999 ] http://localhost:9999/api/auth/login is alive
[ 2021-11-12 11:56:52 ] [ localhost:9999 ] http://localhost:9999/api/auth/logout is alive
[ 2021-11-12 11:56:52 ] [ localhost:9999 ] Can't access http://localhost:9999/admin/ctrl
[ 2021-11-12 11:56:55 ] [ localhost:9999 ] http://localhost:9999/ is alive
[ 2021-11-12 11:56:55 ] [ localhost:9999 ] http://localhost:9999/shop is alive
[ 2021-11-12 11:56:55 ] [ localhost:9999 ] http://localhost:9999/users is alive
[ 2021-11-12 11:56:55 ] [ localhost:9999 ] http://localhost:9999/api/auth/login is alive
[ 2021-11-12 11:56:55 ] [ localhost:9999 ] http://localhost:9999/api/auth/logout is alive
[ 2021-11-12 11:56:55 ] [ localhost:9999 ] Can't access http://localhost:9999/admin/ctrl
[ 2021-11-12 11:56:58 ] [ localhost:9999 ] http://localhost:9999/ is alive
[ 2021-11-12 11:56:58 ] [ localhost:9999 ] http://localhost:9999/shop is alive
[ 2021-11-12 11:56:58 ] [ localhost:9999 ] http://localhost:9999/users is alive
[ 2021-11-12 11:56:58 ] [ localhost:9999 ] http://localhost:9999/api/auth/login is alive
[ 2021-11-12 11:56:58 ] [ localhost:9999 ] http://localhost:9999/api/auth/logout is alive
[ 2021-11-12 11:56:58 ] [ localhost:9999 ] Can't access http://localhost:9999/admin/ctrl
[ 2021-11-12 11:57:01 ] [ localhost:9999 ] http://localhost:9999/ is alive
[ 2021-11-12 11:57:01 ] [ localhost:9999 ] http://localhost:9999/shop is alive
[ 2021-11-12 11:57:01 ] [ localhost:9999 ] http://localhost:9999/users is alive
[ 2021-11-12 11:57:01 ] [ localhost:9999 ] http://localhost:9999/api/auth/login is alive
[ 2021-11-12 11:57:01 ] [ localhost:9999 ] http://localhost:9999/api/auth/logout is alive
[ 2021-11-12 11:57:01 ] [ localhost:9999 ] Can't access http://localhost:9999/admin/ctrl
[ 2021-11-12 11:57:04 ] [ localhost:9999 ] http://localhost:9999/ is alive
[ 2021-11-12 11:57:04 ] [ localhost:9999 ] http://localhost:9999/shop is alive
[ 2021-11-12 11:57:04 ] [ localhost:9999 ] http://localhost:9999/users is alive
[ 2021-11-12 11:57:04 ] [ localhost:9999 ] http://localhost:9999/api/auth/login is alive
[ 2021-11-12 11:57:04 ] [ localhost:9999 ] http://localhost:9999/api/auth/logout is alive
[ 2021-11-12 11:57:04 ] [ localhost:9999 ] Can't access http://localhost:9999/admin/ctrl
[ 2021-11-12 11:57:08 ] [ localhost:9999 ] http://localhost:9999/ is alive
[ 2021-11-12 11:57:08 ] [ localhost:9999 ] http://localhost:9999/shop is alive
[ 2021-11-12 11:57:08 ] [ localhost:9999 ] http://localhost:9999/users is alive
[ 2021-11-12 11:57:08 ] [ localhost:9999 ] http://localhost:9999/api/auth/login is alive
[ 2021-11-12 11:57:08 ] [ localhost:9999 ] http://localhost:9999/api/auth/logout is alive
[ 2021-11-12 11:57:08 ] [ localhost:9999 ] Can't access http://localhost:9999/admin/ctrl
[ 2021-11-12 11:57:11 ] [ localhost:9999 ] http://localhost:9999/ is alive
[ 2021-11-12 11:57:11 ] [ localhost:9999 ] http://localhost:9999/shop is alive
[ 2021-11-12 11:57:11 ] [ localhost:9999 ] http://localhost:9999/users is alive
[ 2021-11-12 11:57:11 ] [ localhost:9999 ] http://localhost:9999/api/auth/login is alive
[ 2021-11-12 11:57:11 ] [ localhost:9999 ] http://localhost:9999/api/auth/logout is alive
[ 2021-11-12 11:57:11 ] [ localhost:9999 ] Can't access http://localhost:9999/admin/ctrl
[ 2021-11-12 11:57:14 ] [ localhost:9999 ] http://localhost:9999/ is alive
[ 2021-11-12 11:57:14 ] [ localhost:9999 ] http://localhost:9999/shop is alive
[ 2021-11-12 11:57:14 ] [ localhost:9999 ] http://localhost:9999/users is alive
[ 2021-11-12 11:57:14 ] [ localhost:9999 ] http://localhost:9999/api/auth/login is alive
[ 2021-11-12 11:57:14 ] [ localhost:9999 ] http://localhost:9999/api/auth/logout is alive
[ 2021-11-12 11:57:14 ] [ localhost:9999 ] Can't access http://localhost:9999/admin/ctrl
[ 2021-11-12 11:57:17 ] [ localhost:9999 ] http://localhost:9999/ is alive
[ 2021-11-12 11:57:17 ] [ localhost:9999 ] http://localhost:9999/shop is alive
[ 2021-11-12 11:57:17 ] [ localhost:9999 ] http://localhost:9999/users is alive
[ 2021-11-12 11:57:17 ] [ localhost:9999 ] http://localhost:9999/api/auth/login is alive
[ 2021-11-12 11:57:17 ] [ localhost:9999 ] http://localhost:9999/api/auth/logout is alive
[ 2021-11-12 11:57:17 ] [ localhost:9999 ] Can't access http://localhost:9999/admin/ctrl
[ 2021-11-12 11:57:20 ] [ localhost:9999 ] http://localhost:9999/ is alive
[ 2021-11-12 11:57:20 ] [ localhost:9999 ] http://localhost:9999/shop is alive
[ 2021-11-12 11:57:20 ] [ localhost:9999 ] http://localhost:9999/users is alive
[ 2021-11-12 11:57:20 ] [ localhost:9999 ] http://localhost:9999/api/auth/login is alive
[ 2021-11-12 11:57:20 ] [ localhost:9999 ] http://localhost:9999/api/auth/logout is alive
[ 2021-11-12 11:57:20 ] [ localhost:9999 ] Can't access http://localhost:9999/admin/ctrl
[ 2021-11-12 11:57:23 ] [ localhost:9999 ] http://localhost:9999/ is alive
[ 2021-11-12 11:57:23 ] [ localhost:9999 ] http://localhost:9999/shop is alive
[ 2021-11-12 11:57:23 ] [ localhost:9999 ] http://localhost:9999/users is alive
[ 2021-11-12 11:57:23 ] [ localhost:9999 ] http://localhost:9999/api/auth/login is alive
[ 2021-11-12 11:57:23 ] [ localhost:9999 ] http://localhost:9999/api/auth/logout is alive
[ 2021-11-12 11:57:23 ] [ localhost:9999 ] Can't access http://localhost:9999/admin/ctrl
[ 2021-11-12 11:57:26 ] [ localhost:9999 ] http://localhost:9999/ is alive
[ 2021-11-12 11:57:26 ] [ localhost:9999 ] http://localhost:9999/shop is alive
[ 2021-11-12 11:57:26 ] [ localhost:9999 ] http://localhost:9999/users is alive
[ 2021-11-12 11:57:26 ] [ localhost:9999 ] http://localhost:9999/api/auth/login is alive
[ 2021-11-12 11:57:26 ] [ localhost:9999 ] http://localhost:9999/api/auth/logout is alive
[ 2021-11-12 11:57:26 ] [ localhost:9999 ] Can't access http://localhost:9999/admin/ctrl
[ 2021-11-12 11:57:29 ] [ localhost:9999 ] http://localhost:9999/ is alive
[ 2021-11-12 11:57:29 ] [ localhost:9999 ] http://localhost:9999/shop is alive
[ 2021-11-12 11:57:29 ] [ localhost:9999 ] http://localhost:9999/users is alive
[ 2021-11-12 11:57:29 ] [ localhost:9999 ] http://localhost:9999/api/auth/login is alive
[ 2021-11-12 11:57:29 ] [ localhost:9999 ] http://localhost:9999/api/auth/logout is alive
[ 2021-11-12 11:57:29 ] [ localhost:9999 ] Can't access http://localhost:9999/admin/ctrl
[ 2021-11-12 11:57:32 ] [ localhost:9999 ] http://localhost:9999/ is alive
[ 2021-11-12 11:57:32 ] [ localhost:9999 ] http://localhost:9999/shop is alive
[ 2021-11-12 11:57:32 ] [ localhost:9999 ] http://localhost:9999/users is alive
[ 2021-11-12 11:57:32 ] [ localhost:9999 ] http://localhost:9999/api/auth/login is alive
[ 2021-11-12 11:57:32 ] [ localhost:9999 ] http://localhost:9999/api/auth/logout is alive
[ 2021-11-12 11:57:32 ] [ localhost:9999 ] Can't access http://localhost:9999/admin/ctrl
[ 2021-11-12 11:57:35 ] [ localhost:9999 ] http://localhost:9999/ is alive
[ 2021-11-12 11:57:35 ] [ localhost:9999 ] http://localhost:9999/shop is alive
[ 2021-11-12 11:57:35 ] [ localhost:9999 ] http://localhost:9999/users is alive
[ 2021-11-12 11:57:35 ] [ localhost:9999 ] http://localhost:9999/api/auth/login is alive
[ 2021-11-12 11:57:35 ] [ localhost:9999 ] http://localhost:9999/api/auth/logout is alive
[ 2021-11-12 11:57:35 ] [ localhost:9999 ] Can't access http://localhost:9999/admin/ctrl
[ 2021-11-12 11:57:38 ] [ localhost:9999 ] http://localhost:9999/ is alive
[ 2021-11-12 11:57:38 ] [ localhost:9999 ] http://localhost:9999/shop is alive
[ 2021-11-12 11:57:38 ] [ localhost:9999 ] http://localhost:9999/users is alive
[ 2021-11-12 11:57:38 ] [ localhost:9999 ] http://localhost:9999/api/auth/login is alive
[ 2021-11-12 11:57:38 ] [ localhost:9999 ] http://localhost:9999/api/auth/logout is alive
[ 2021-11-12 11:57:38 ] [ localhost:9999 ] Can't access http://localhost:9999/admin/ctrl
[ 2021-11-12 11:57:41 ] [ localhost:9999 ] http://localhost:9999/ is alive
[ 2021-11-12 11:57:41 ] [ localhost:9999 ] http://localhost:9999/shop is alive
[ 2021-11-12 11:57:41 ] [ localhost:9999 ] http://localhost:9999/users is alive
[ 2021-11-12 11:57:41 ] [ localhost:9999 ] http://localhost:9999/api/auth/login is alive
[ 2021-11-12 11:57:41 ] [ localhost:9999 ] http://localhost:9999/api/auth/logout is alive
[ 2021-11-12 11:57:41 ] [ localhost:9999 ] Can't access http://localhost:9999/admin/ctrl
[ 2021-11-12 11:57:44 ] [ localhost:9999 ] http://localhost:9999/ is alive
[ 2021-11-12 11:57:44 ] [ localhost:9999 ] http://localhost:9999/shop is alive
[ 2021-11-12 11:57:44 ] [ localhost:9999 ] http://localhost:9999/users is alive
[ 2021-11-12 11:57:44 ] [ localhost:9999 ] http://localhost:9999/api/auth/login is alive
[ 2021-11-12 11:57:44 ] [ localhost:9999 ] http://localhost:9999/api/auth/logout is alive
[ 2021-11-12 11:57:44 ] [ localhost:9999 ] Can't access http://localhost:9999/admin/ctrl
[ 2021-11-12 11:57:47 ] [ localhost:9999 ] http://localhost:9999/ is alive
[ 2021-11-12 11:57:47 ] [ localhost:9999 ] http://localhost:9999/shop is alive
[ 2021-11-12 11:57:47 ] [ localhost:9999 ] http://localhost:9999/users is alive
[ 2021-11-12 11:57:47 ] [ localhost:9999 ] http://localhost:9999/api/auth/login is alive
[ 2021-11-12 11:57:47 ] [ localhost:9999 ] http://localhost:9999/api/auth/logout is alive
[ 2021-11-12 11:57:47 ] [ localhost:9999 ] Can't access http://localhost:9999/admin/ctrl
[ 2021-11-12 11:57:51 ] [ localhost:9999 ] http://localhost:9999/ is alive
[ 2021-11-12 11:57:51 ] [ localhost:9999 ] http://localhost:9999/shop is alive
[ 2021-11-12 11:57:51 ] [ localhost:9999 ] http://localhost:9999/users is alive
[ 2021-11-12 11:57:51 ] [ localhost:9999 ] http://localhost:9999/api/auth/login is alive
[ 2021-11-12 11:57:51 ] [ localhost:9999 ] http://localhost:9999/api/auth/logout is alive
[ 2021-11-12 11:57:51 ] [ localhost:9999 ] Can't access http://localhost:9999/admin/ctrl
