[ 2021-11-12 11:55:31 ] [ localhost:9999 ] http://localhost:9999/ is alive
[ 2021-11-12 11:55:31 ] [ localhost:9999 ] http://localhost:9999/shop is alive
[ 2021-11-12 11:55:31 ] [ localhost:9999 ] http://localhost:9999/users is alive
[ 2021-11-12 11:55:31 ] [ localhost:9999 ] http://localhost:9999/api/auth/login is alive
[ 2021-11-12 11:55:32 ] [ localhost:9999 ] http://localhost:9999/api/auth/logout is alive
[ 2021-11-12 11:55:32 ] [ localhost:9999 ] Still can request http://localhost:9999/admin/ctrl with hacker's token
[ 2021-11-12 11:55:32 ] [ localhost:9999 ] JWT still work with http://localhost:9999/admin/ctrl
[ 2021-11-12 11:55:32 ] [ localhost:9999 ] Oops, Command injection still there
[ 2021-11-12 11:55:32 ] [ localhost:9999 ] Still can request http://localhost:9999/users/profile with hacker's token
[ 2021-11-12 11:55:32 ] [ localhost:9999 ] JWT still work with http://localhost:9999/users/profile
[ 2021-11-12 11:55:35 ] [ localhost:9999 ] http://localhost:9999/ is alive
[ 2021-11-12 11:55:35 ] [ localhost:9999 ] http://localhost:9999/shop is alive
[ 2021-11-12 11:55:35 ] [ localhost:9999 ] http://localhost:9999/users is alive
[ 2021-11-12 11:55:35 ] [ localhost:9999 ] http://localhost:9999/api/auth/login is alive
[ 2021-11-12 11:55:35 ] [ localhost:9999 ] http://localhost:9999/api/auth/logout is alive
[ 2021-11-12 11:55:35 ] [ localhost:9999 ] Still can request http://localhost:9999/admin/ctrl with hacker's token
[ 2021-11-12 11:55:35 ] [ localhost:9999 ] JWT still work with http://localhost:9999/admin/ctrl
[ 2021-11-12 11:55:35 ] [ localhost:9999 ] Oops, Command injection still there
[ 2021-11-12 11:55:35 ] [ localhost:9999 ] Still can request http://localhost:9999/users/profile with hacker's token
[ 2021-11-12 11:55:35 ] [ localhost:9999 ] JWT still work with http://localhost:9999/users/profile
[ 2021-11-12 11:55:38 ] [ localhost:9999 ] http://localhost:9999/ is alive
[ 2021-11-12 11:55:38 ] [ localhost:9999 ] http://localhost:9999/shop is alive
[ 2021-11-12 11:55:38 ] [ localhost:9999 ] http://localhost:9999/users is alive
[ 2021-11-12 11:55:38 ] [ localhost:9999 ] http://localhost:9999/api/auth/login is alive
[ 2021-11-12 11:55:38 ] [ localhost:9999 ] http://localhost:9999/api/auth/logout is alive
[ 2021-11-12 11:55:38 ] [ localhost:9999 ] Still can request http://localhost:9999/admin/ctrl with hacker's token
[ 2021-11-12 11:55:38 ] [ localhost:9999 ] JWT still work with http://localhost:9999/admin/ctrl
[ 2021-11-12 11:55:38 ] [ localhost:9999 ] Oops, Command injection still there
[ 2021-11-12 11:55:38 ] [ localhost:9999 ] Still can request http://localhost:9999/users/profile with hacker's token
[ 2021-11-12 11:55:38 ] [ localhost:9999 ] JWT still work with http://localhost:9999/users/profile
[ 2021-11-12 11:55:41 ] [ localhost:9999 ] http://localhost:9999/ is alive
[ 2021-11-12 11:55:41 ] [ localhost:9999 ] http://localhost:9999/shop is alive
[ 2021-11-12 11:55:41 ] [ localhost:9999 ] http://localhost:9999/users is alive
[ 2021-11-12 11:55:41 ] [ localhost:9999 ] http://localhost:9999/api/auth/login is alive
[ 2021-11-12 11:55:41 ] [ localhost:9999 ] http://localhost:9999/api/auth/logout is alive
[ 2021-11-12 11:55:41 ] [ localhost:9999 ] Still can request http://localhost:9999/admin/ctrl with hacker's token
[ 2021-11-12 11:55:41 ] [ localhost:9999 ] JWT still work with http://localhost:9999/admin/ctrl
[ 2021-11-12 11:55:41 ] [ localhost:9999 ] Oops, Command injection still there
[ 2021-11-12 11:55:41 ] [ localhost:9999 ] Still can request http://localhost:9999/users/profile with hacker's token
[ 2021-11-12 11:55:41 ] [ localhost:9999 ] JWT still work with http://localhost:9999/users/profile
[ 2021-11-12 11:55:44 ] [ localhost:9999 ] http://localhost:9999/ is alive
[ 2021-11-12 11:55:44 ] [ localhost:9999 ] http://localhost:9999/shop is alive
[ 2021-11-12 11:55:44 ] [ localhost:9999 ] http://localhost:9999/users is alive
[ 2021-11-12 11:55:44 ] [ localhost:9999 ] http://localhost:9999/api/auth/login is alive
[ 2021-11-12 11:55:44 ] [ localhost:9999 ] http://localhost:9999/api/auth/logout is alive
[ 2021-11-12 11:55:44 ] [ localhost:9999 ] Still can request http://localhost:9999/admin/ctrl with hacker's token
[ 2021-11-12 11:55:44 ] [ localhost:9999 ] JWT still work with http://localhost:9999/admin/ctrl
[ 2021-11-12 11:55:44 ] [ localhost:9999 ] Oops, Command injection still there
[ 2021-11-12 11:55:44 ] [ localhost:9999 ] Still can request http://localhost:9999/users/profile with hacker's token
[ 2021-11-12 11:55:44 ] [ localhost:9999 ] JWT still work with http://localhost:9999/users/profile
[ 2021-11-12 11:55:47 ] [ localhost:9999 ] http://localhost:9999/ is alive
[ 2021-11-12 11:55:47 ] [ localhost:9999 ] http://localhost:9999/shop is alive
[ 2021-11-12 11:55:47 ] [ localhost:9999 ] http://localhost:9999/users is alive
[ 2021-11-12 11:55:47 ] [ localhost:9999 ] http://localhost:9999/api/auth/login is alive
[ 2021-11-12 11:55:47 ] [ localhost:9999 ] http://localhost:9999/api/auth/logout is alive
[ 2021-11-12 11:55:47 ] [ localhost:9999 ] Still can request http://localhost:9999/admin/ctrl with hacker's token
[ 2021-11-12 11:55:47 ] [ localhost:9999 ] JWT still work with http://localhost:9999/admin/ctrl
[ 2021-11-12 11:55:47 ] [ localhost:9999 ] Oops, Command injection still there
[ 2021-11-12 11:55:47 ] [ localhost:9999 ] Still can request http://localhost:9999/users/profile with hacker's token
[ 2021-11-12 11:55:47 ] [ localhost:9999 ] JWT still work with http://localhost:9999/users/profile
[ 2021-11-12 11:55:50 ] [ localhost:9999 ] http://localhost:9999/ is alive
[ 2021-11-12 11:55:50 ] [ localhost:9999 ] http://localhost:9999/shop is alive
[ 2021-11-12 11:55:50 ] [ localhost:9999 ] http://localhost:9999/users is alive
[ 2021-11-12 11:55:50 ] [ localhost:9999 ] http://localhost:9999/api/auth/login is alive
[ 2021-11-12 11:55:50 ] [ localhost:9999 ] http://localhost:9999/api/auth/logout is alive
[ 2021-11-12 11:55:50 ] [ localhost:9999 ] Still can request http://localhost:9999/admin/ctrl with hacker's token
[ 2021-11-12 11:55:50 ] [ localhost:9999 ] JWT still work with http://localhost:9999/admin/ctrl
[ 2021-11-12 11:55:50 ] [ localhost:9999 ] Oops, Command injection still there
[ 2021-11-12 11:55:50 ] [ localhost:9999 ] Still can request http://localhost:9999/users/profile with hacker's token
[ 2021-11-12 11:55:50 ] [ localhost:9999 ] JWT still work with http://localhost:9999/users/profile
[ 2021-11-12 11:55:53 ] [ localhost:9999 ] http://localhost:9999/ is alive
[ 2021-11-12 11:55:53 ] [ localhost:9999 ] http://localhost:9999/shop is alive
[ 2021-11-12 11:55:53 ] [ localhost:9999 ] http://localhost:9999/users is alive
[ 2021-11-12 11:55:54 ] [ localhost:9999 ] http://localhost:9999/api/auth/login is alive
[ 2021-11-12 11:55:54 ] [ localhost:9999 ] http://localhost:9999/api/auth/logout is alive
[ 2021-11-12 11:55:54 ] [ localhost:9999 ] Still can request http://localhost:9999/admin/ctrl with hacker's token
[ 2021-11-12 11:55:54 ] [ localhost:9999 ] JWT still work with http://localhost:9999/admin/ctrl
[ 2021-11-12 11:55:54 ] [ localhost:9999 ] Oops, Command injection still there
[ 2021-11-12 11:55:54 ] [ localhost:9999 ] Still can request http://localhost:9999/users/profile with hacker's token
[ 2021-11-12 11:55:54 ] [ localhost:9999 ] JWT still work with http://localhost:9999/users/profile
[ 2021-11-12 11:55:57 ] [ localhost:9999 ] http://localhost:9999/ is alive
[ 2021-11-12 11:55:57 ] [ localhost:9999 ] http://localhost:9999/shop is alive
[ 2021-11-12 11:55:57 ] [ localhost:9999 ] http://localhost:9999/users is alive
[ 2021-11-12 11:55:57 ] [ localhost:9999 ] http://localhost:9999/api/auth/login is alive
[ 2021-11-12 11:55:57 ] [ localhost:9999 ] http://localhost:9999/api/auth/logout is alive
[ 2021-11-12 11:55:57 ] [ localhost:9999 ] Still can request http://localhost:9999/admin/ctrl with hacker's token
[ 2021-11-12 11:55:57 ] [ localhost:9999 ] JWT still work with http://localhost:9999/admin/ctrl
[ 2021-11-12 11:55:57 ] [ localhost:9999 ] Oops, Command injection still there
[ 2021-11-12 11:55:57 ] [ localhost:9999 ] Still can request http://localhost:9999/users/profile with hacker's token
[ 2021-11-12 11:55:57 ] [ localhost:9999 ] JWT still work with http://localhost:9999/users/profile
[ 2021-11-12 11:56:00 ] [ localhost:9999 ] http://localhost:9999/ is alive
[ 2021-11-12 11:56:00 ] [ localhost:9999 ] http://localhost:9999/shop is alive
[ 2021-11-12 11:56:00 ] [ localhost:9999 ] http://localhost:9999/users is alive
[ 2021-11-12 11:56:00 ] [ localhost:9999 ] http://localhost:9999/api/auth/login is alive
[ 2021-11-12 11:56:00 ] [ localhost:9999 ] http://localhost:9999/api/auth/logout is alive
[ 2021-11-12 11:56:00 ] [ localhost:9999 ] Still can request http://localhost:9999/admin/ctrl with hacker's token
[ 2021-11-12 11:56:00 ] [ localhost:9999 ] JWT still work with http://localhost:9999/admin/ctrl
[ 2021-11-12 11:56:00 ] [ localhost:9999 ] Oops, Command injection still there
[ 2021-11-12 11:56:00 ] [ localhost:9999 ] Still can request http://localhost:9999/users/profile with hacker's token
[ 2021-11-12 11:56:00 ] [ localhost:9999 ] JWT still work with http://localhost:9999/users/profile
[ 2021-11-12 11:56:03 ] [ localhost:9999 ] http://localhost:9999/ is alive
[ 2021-11-12 11:56:03 ] [ localhost:9999 ] http://localhost:9999/shop is alive
[ 2021-11-12 11:56:03 ] [ localhost:9999 ] http://localhost:9999/users is alive
[ 2021-11-12 11:56:03 ] [ localhost:9999 ] http://localhost:9999/api/auth/login is alive
[ 2021-11-12 11:56:03 ] [ localhost:9999 ] http://localhost:9999/api/auth/logout is alive
[ 2021-11-12 11:56:03 ] [ localhost:9999 ] Still can request http://localhost:9999/admin/ctrl with hacker's token
[ 2021-11-12 11:56:03 ] [ localhost:9999 ] JWT still work with http://localhost:9999/admin/ctrl
[ 2021-11-12 11:56:03 ] [ localhost:9999 ] Oops, Command injection still there
[ 2021-11-12 11:56:03 ] [ localhost:9999 ] Still can request http://localhost:9999/users/profile with hacker's token
[ 2021-11-12 11:56:03 ] [ localhost:9999 ] JWT still work with http://localhost:9999/users/profile
[ 2021-11-12 11:56:06 ] [ localhost:9999 ] http://localhost:9999/ is alive
[ 2021-11-12 11:56:06 ] [ localhost:9999 ] http://localhost:9999/shop is alive
[ 2021-11-12 11:56:06 ] [ localhost:9999 ] http://localhost:9999/users is alive
[ 2021-11-12 11:56:06 ] [ localhost:9999 ] http://localhost:9999/api/auth/login is alive
[ 2021-11-12 11:56:06 ] [ localhost:9999 ] http://localhost:9999/api/auth/logout is alive
[ 2021-11-12 11:56:06 ] [ localhost:9999 ] Still can request http://localhost:9999/admin/ctrl with hacker's token
[ 2021-11-12 11:56:06 ] [ localhost:9999 ] JWT still work with http://localhost:9999/admin/ctrl
[ 2021-11-12 11:56:06 ] [ localhost:9999 ] Oops, Command injection still there
[ 2021-11-12 11:56:06 ] [ localhost:9999 ] Still can request http://localhost:9999/users/profile with hacker's token
[ 2021-11-12 11:56:06 ] [ localhost:9999 ] JWT still work with http://localhost:9999/users/profile
[ 2021-11-12 11:56:09 ] [ localhost:9999 ] http://localhost:9999/ is alive
[ 2021-11-12 11:56:09 ] [ localhost:9999 ] http://localhost:9999/shop is alive
[ 2021-11-12 11:56:09 ] [ localhost:9999 ] http://localhost:9999/users is alive
[ 2021-11-12 11:56:09 ] [ localhost:9999 ] http://localhost:9999/api/auth/login is alive
[ 2021-11-12 11:56:09 ] [ localhost:9999 ] http://localhost:9999/api/auth/logout is alive
[ 2021-11-12 11:56:09 ] [ localhost:9999 ] Still can request http://localhost:9999/admin/ctrl with hacker's token
[ 2021-11-12 11:56:09 ] [ localhost:9999 ] JWT still work with http://localhost:9999/admin/ctrl
[ 2021-11-12 11:56:09 ] [ localhost:9999 ] Oops, Command injection still there
[ 2021-11-12 11:56:09 ] [ localhost:9999 ] Still can request http://localhost:9999/users/profile with hacker's token
[ 2021-11-12 11:56:09 ] [ localhost:9999 ] JWT still work with http://localhost:9999/users/profile
[ 2021-11-12 11:56:12 ] [ localhost:9999 ] http://localhost:9999/ is alive
[ 2021-11-12 11:56:12 ] [ localhost:9999 ] http://localhost:9999/shop is alive
[ 2021-11-12 11:56:12 ] [ localhost:9999 ] http://localhost:9999/users is alive
[ 2021-11-12 11:56:12 ] [ localhost:9999 ] http://localhost:9999/api/auth/login is alive
[ 2021-11-12 11:56:12 ] [ localhost:9999 ] http://localhost:9999/api/auth/logout is alive
[ 2021-11-12 11:56:12 ] [ localhost:9999 ] Still can request http://localhost:9999/admin/ctrl with hacker's token
[ 2021-11-12 11:56:12 ] [ localhost:9999 ] JWT still work with http://localhost:9999/admin/ctrl
[ 2021-11-12 11:56:12 ] [ localhost:9999 ] Oops, Command injection still there
[ 2021-11-12 11:56:12 ] [ localhost:9999 ] Still can request http://localhost:9999/users/profile with hacker's token
[ 2021-11-12 11:56:12 ] [ localhost:9999 ] JWT still work with http://localhost:9999/users/profile
[ 2021-11-12 11:56:15 ] [ localhost:9999 ] http://localhost:9999/ is alive
[ 2021-11-12 11:56:15 ] [ localhost:9999 ] http://localhost:9999/shop is alive
[ 2021-11-12 11:56:15 ] [ localhost:9999 ] http://localhost:9999/users is alive
[ 2021-11-12 11:56:15 ] [ localhost:9999 ] http://localhost:9999/api/auth/login is alive
[ 2021-11-12 11:56:15 ] [ localhost:9999 ] http://localhost:9999/api/auth/logout is alive
[ 2021-11-12 11:56:15 ] [ localhost:9999 ] Still can request http://localhost:9999/admin/ctrl with hacker's token
[ 2021-11-12 11:56:15 ] [ localhost:9999 ] JWT still work with http://localhost:9999/admin/ctrl
[ 2021-11-12 11:56:16 ] [ localhost:9999 ] Oops, Command injection still there
[ 2021-11-12 11:56:16 ] [ localhost:9999 ] Still can request http://localhost:9999/users/profile with hacker's token
[ 2021-11-12 11:56:16 ] [ localhost:9999 ] JWT still work with http://localhost:9999/users/profile
[ 2021-11-12 11:56:19 ] [ localhost:9999 ] http://localhost:9999/ is alive
[ 2021-11-12 11:56:19 ] [ localhost:9999 ] http://localhost:9999/shop is alive
[ 2021-11-12 11:56:19 ] [ localhost:9999 ] http://localhost:9999/users is alive
[ 2021-11-12 11:56:19 ] [ localhost:9999 ] http://localhost:9999/api/auth/login is alive
[ 2021-11-12 11:56:19 ] [ localhost:9999 ] http://localhost:9999/api/auth/logout is alive
[ 2021-11-12 11:56:19 ] [ localhost:9999 ] Still can request http://localhost:9999/admin/ctrl with hacker's token
[ 2021-11-12 11:56:19 ] [ localhost:9999 ] JWT still work with http://localhost:9999/admin/ctrl
[ 2021-11-12 11:56:19 ] [ localhost:9999 ] Oops, Command injection still there
[ 2021-11-12 11:56:19 ] [ localhost:9999 ] Still can request http://localhost:9999/users/profile with hacker's token
[ 2021-11-12 11:56:19 ] [ localhost:9999 ] JWT still work with http://localhost:9999/users/profile
[ 2021-11-12 11:56:22 ] [ localhost:9999 ] http://localhost:9999/ is alive
[ 2021-11-12 11:56:22 ] [ localhost:9999 ] http://localhost:9999/shop is alive
[ 2021-11-12 11:56:22 ] [ localhost:9999 ] http://localhost:9999/users is alive
[ 2021-11-12 11:56:22 ] [ localhost:9999 ] http://localhost:9999/api/auth/login is alive
[ 2021-11-12 11:56:22 ] [ localhost:9999 ] http://localhost:9999/api/auth/logout is alive
[ 2021-11-12 11:56:22 ] [ localhost:9999 ] Still can request http://localhost:9999/admin/ctrl with hacker's token
[ 2021-11-12 11:56:22 ] [ localhost:9999 ] JWT still work with http://localhost:9999/admin/ctrl
[ 2021-11-12 11:56:22 ] [ localhost:9999 ] Oops, Command injection still there
[ 2021-11-12 11:56:22 ] [ localhost:9999 ] Still can request http://localhost:9999/users/profile with hacker's token
[ 2021-11-12 11:56:22 ] [ localhost:9999 ] JWT still work with http://localhost:9999/users/profile
[ 2021-11-12 11:56:25 ] [ localhost:9999 ] http://localhost:9999/ is alive
[ 2021-11-12 11:56:25 ] [ localhost:9999 ] http://localhost:9999/shop is alive
[ 2021-11-12 11:56:25 ] [ localhost:9999 ] http://localhost:9999/users is alive
[ 2021-11-12 11:56:25 ] [ localhost:9999 ] http://localhost:9999/api/auth/login is alive
[ 2021-11-12 11:56:25 ] [ localhost:9999 ] http://localhost:9999/api/auth/logout is alive
[ 2021-11-12 11:56:25 ] [ localhost:9999 ] Still can request http://localhost:9999/admin/ctrl with hacker's token
[ 2021-11-12 11:56:25 ] [ localhost:9999 ] JWT still work with http://localhost:9999/admin/ctrl
[ 2021-11-12 11:56:25 ] [ localhost:9999 ] Oops, Command injection still there
[ 2021-11-12 11:56:25 ] [ localhost:9999 ] Still can request http://localhost:9999/users/profile with hacker's token
[ 2021-11-12 11:56:25 ] [ localhost:9999 ] JWT still work with http://localhost:9999/users/profile
[ 2021-11-12 11:56:28 ] [ localhost:9999 ] http://localhost:9999/ is alive
[ 2021-11-12 11:56:28 ] [ localhost:9999 ] http://localhost:9999/shop is alive
[ 2021-11-12 11:56:28 ] [ localhost:9999 ] http://localhost:9999/users is alive
[ 2021-11-12 11:56:28 ] [ localhost:9999 ] http://localhost:9999/api/auth/login is alive
[ 2021-11-12 11:56:28 ] [ localhost:9999 ] http://localhost:9999/api/auth/logout is alive
[ 2021-11-12 11:56:28 ] [ localhost:9999 ] Still can request http://localhost:9999/admin/ctrl with hacker's token
[ 2021-11-12 11:56:28 ] [ localhost:9999 ] JWT still work with http://localhost:9999/admin/ctrl
[ 2021-11-12 11:56:28 ] [ localhost:9999 ] Oops, Command injection still there
[ 2021-11-12 11:56:28 ] [ localhost:9999 ] Still can request http://localhost:9999/users/profile with hacker's token
[ 2021-11-12 11:56:28 ] [ localhost:9999 ] JWT still work with http://localhost:9999/users/profile
[ 2021-11-12 11:56:31 ] [ localhost:9999 ] http://localhost:9999/ is alive
[ 2021-11-12 11:56:31 ] [ localhost:9999 ] http://localhost:9999/shop is alive
[ 2021-11-12 11:56:31 ] [ localhost:9999 ] http://localhost:9999/users is alive
[ 2021-11-12 11:56:31 ] [ localhost:9999 ] http://localhost:9999/api/auth/login is alive
[ 2021-11-12 11:56:31 ] [ localhost:9999 ] http://localhost:9999/api/auth/logout is alive
[ 2021-11-12 11:56:31 ] [ localhost:9999 ] Still can request http://localhost:9999/admin/ctrl with hacker's token
[ 2021-11-12 11:56:31 ] [ localhost:9999 ] JWT still work with http://localhost:9999/admin/ctrl
[ 2021-11-12 11:56:31 ] [ localhost:9999 ] Oops, Command injection still there
[ 2021-11-12 11:56:31 ] [ localhost:9999 ] Still can request http://localhost:9999/users/profile with hacker's token
[ 2021-11-12 11:56:31 ] [ localhost:9999 ] JWT still work with http://localhost:9999/users/profile
[ 2021-11-12 11:56:34 ] [ localhost:9999 ] http://localhost:9999/ is alive
[ 2021-11-12 11:56:34 ] [ localhost:9999 ] http://localhost:9999/shop is alive
[ 2021-11-12 11:56:34 ] [ localhost:9999 ] http://localhost:9999/users is alive
[ 2021-11-12 11:56:34 ] [ localhost:9999 ] http://localhost:9999/api/auth/login is alive
[ 2021-11-12 11:56:34 ] [ localhost:9999 ] http://localhost:9999/api/auth/logout is alive
[ 2021-11-12 11:56:34 ] [ localhost:9999 ] Still can request http://localhost:9999/admin/ctrl with hacker's token
[ 2021-11-12 11:56:34 ] [ localhost:9999 ] JWT still work with http://localhost:9999/admin/ctrl
[ 2021-11-12 11:56:34 ] [ localhost:9999 ] Oops, Command injection still there
[ 2021-11-12 11:56:34 ] [ localhost:9999 ] Still can request http://localhost:9999/users/profile with hacker's token
[ 2021-11-12 11:56:34 ] [ localhost:9999 ] JWT still work with http://localhost:9999/users/profile
[ 2021-11-12 11:56:37 ] [ localhost:9999 ] http://localhost:9999/ is alive
[ 2021-11-12 11:56:37 ] [ localhost:9999 ] http://localhost:9999/shop is alive
[ 2021-11-12 11:56:37 ] [ localhost:9999 ] http://localhost:9999/users is alive
[ 2021-11-12 11:56:37 ] [ localhost:9999 ] http://localhost:9999/api/auth/login is alive
[ 2021-11-12 11:56:37 ] [ localhost:9999 ] http://localhost:9999/api/auth/logout is alive
[ 2021-11-12 11:56:37 ] [ localhost:9999 ] Still can request http://localhost:9999/admin/ctrl with hacker's token
[ 2021-11-12 11:56:37 ] [ localhost:9999 ] JWT still work with http://localhost:9999/admin/ctrl
[ 2021-11-12 11:56:37 ] [ localhost:9999 ] Oops, Command injection still there
[ 2021-11-12 11:56:37 ] [ localhost:9999 ] Still can request http://localhost:9999/users/profile with hacker's token
[ 2021-11-12 11:56:37 ] [ localhost:9999 ] JWT still work with http://localhost:9999/users/profile
[ 2021-11-12 11:56:40 ] [ localhost:9999 ] http://localhost:9999/ is alive
[ 2021-11-12 11:56:41 ] [ localhost:9999 ] http://localhost:9999/shop is alive
[ 2021-11-12 11:56:41 ] [ localhost:9999 ] http://localhost:9999/users is alive
[ 2021-11-12 11:56:41 ] [ localhost:9999 ] http://localhost:9999/api/auth/login is alive
[ 2021-11-12 11:56:41 ] [ localhost:9999 ] http://localhost:9999/api/auth/logout is alive
[ 2021-11-12 11:56:41 ] [ localhost:9999 ] Still can request http://localhost:9999/admin/ctrl with hacker's token
[ 2021-11-12 11:56:41 ] [ localhost:9999 ] JWT still work with http://localhost:9999/admin/ctrl
[ 2021-11-12 11:56:41 ] [ localhost:9999 ] Oops, Command injection still there
[ 2021-11-12 11:56:41 ] [ localhost:9999 ] Still can request http://localhost:9999/users/profile with hacker's token
[ 2021-11-12 11:56:41 ] [ localhost:9999 ] JWT still work with http://localhost:9999/users/profile
[ 2021-11-12 11:56:44 ] [ localhost:9999 ] http://localhost:9999/ is alive
[ 2021-11-12 11:56:44 ] [ localhost:9999 ] http://localhost:9999/shop is alive
[ 2021-11-12 11:56:44 ] [ localhost:9999 ] http://localhost:9999/users is alive
[ 2021-11-12 11:56:44 ] [ localhost:9999 ] http://localhost:9999/api/auth/login is alive
[ 2021-11-12 11:56:44 ] [ localhost:9999 ] http://localhost:9999/api/auth/logout is alive
[ 2021-11-12 11:56:44 ] [ localhost:9999 ] Still can request http://localhost:9999/admin/ctrl with hacker's token
[ 2021-11-12 11:56:44 ] [ localhost:9999 ] JWT still work with http://localhost:9999/admin/ctrl
[ 2021-11-12 11:56:44 ] [ localhost:9999 ] Oops, Command injection still there
[ 2021-11-12 11:56:44 ] [ localhost:9999 ] Still can request http://localhost:9999/users/profile with hacker's token
[ 2021-11-12 11:56:44 ] [ localhost:9999 ] JWT still work with http://localhost:9999/users/profile
[ 2021-11-12 11:56:47 ] [ localhost:9999 ] http://localhost:9999/ is alive
[ 2021-11-12 11:56:47 ] [ localhost:9999 ] http://localhost:9999/shop is alive
[ 2021-11-12 11:56:47 ] [ localhost:9999 ] http://localhost:9999/users is alive
[ 2021-11-12 11:56:47 ] [ localhost:9999 ] http://localhost:9999/api/auth/login is alive
[ 2021-11-12 11:56:47 ] [ localhost:9999 ] http://localhost:9999/api/auth/logout is alive
[ 2021-11-12 11:56:47 ] [ localhost:9999 ] Still can request http://localhost:9999/admin/ctrl with hacker's token
[ 2021-11-12 11:56:47 ] [ localhost:9999 ] JWT still work with http://localhost:9999/admin/ctrl
[ 2021-11-12 11:56:47 ] [ localhost:9999 ] Oops, Command injection still there
[ 2021-11-12 11:56:47 ] [ localhost:9999 ] Still can request http://localhost:9999/users/profile with hacker's token
[ 2021-11-12 11:56:47 ] [ localhost:9999 ] JWT still work with http://localhost:9999/users/profile
[ 2021-11-12 11:56:50 ] [ localhost:9999 ] http://localhost:9999/ is alive
[ 2021-11-12 11:56:50 ] [ localhost:9999 ] http://localhost:9999/shop is alive
[ 2021-11-12 11:56:50 ] [ localhost:9999 ] http://localhost:9999/users is alive
[ 2021-11-12 11:56:50 ] [ localhost:9999 ] http://localhost:9999/api/auth/login is alive
[ 2021-11-12 11:56:50 ] [ localhost:9999 ] http://localhost:9999/api/auth/logout is alive
[ 2021-11-12 11:56:50 ] [ localhost:9999 ] Still can request http://localhost:9999/admin/ctrl with hacker's token
[ 2021-11-12 11:56:50 ] [ localhost:9999 ] JWT still work with http://localhost:9999/admin/ctrl
[ 2021-11-12 11:56:50 ] [ localhost:9999 ] Oops, Command injection still there
[ 2021-11-12 11:56:50 ] [ localhost:9999 ] Still can request http://localhost:9999/users/profile with hacker's token
[ 2021-11-12 11:56:50 ] [ localhost:9999 ] JWT still work with http://localhost:9999/users/profile
[ 2021-11-12 11:56:53 ] [ localhost:9999 ] http://localhost:9999/ is alive
[ 2021-11-12 11:56:53 ] [ localhost:9999 ] http://localhost:9999/shop is alive
[ 2021-11-12 11:56:53 ] [ localhost:9999 ] http://localhost:9999/users is alive
[ 2021-11-12 11:56:53 ] [ localhost:9999 ] http://localhost:9999/api/auth/login is alive
[ 2021-11-12 11:56:53 ] [ localhost:9999 ] http://localhost:9999/api/auth/logout is alive
[ 2021-11-12 11:56:53 ] [ localhost:9999 ] Still can request http://localhost:9999/admin/ctrl with hacker's token
[ 2021-11-12 11:56:53 ] [ localhost:9999 ] JWT still work with http://localhost:9999/admin/ctrl
[ 2021-11-12 11:56:53 ] [ localhost:9999 ] Oops, Command injection still there
[ 2021-11-12 11:56:53 ] [ localhost:9999 ] Still can request http://localhost:9999/users/profile with hacker's token
[ 2021-11-12 11:56:53 ] [ localhost:9999 ] JWT still work with http://localhost:9999/users/profile
[ 2021-11-12 11:56:56 ] [ localhost:9999 ] http://localhost:9999/ is alive
[ 2021-11-12 11:56:56 ] [ localhost:9999 ] http://localhost:9999/shop is alive
[ 2021-11-12 11:56:56 ] [ localhost:9999 ] http://localhost:9999/users is alive
[ 2021-11-12 11:56:56 ] [ localhost:9999 ] http://localhost:9999/api/auth/login is alive
[ 2021-11-12 11:56:56 ] [ localhost:9999 ] http://localhost:9999/api/auth/logout is alive
[ 2021-11-12 11:56:56 ] [ localhost:9999 ] Still can request http://localhost:9999/admin/ctrl with hacker's token
[ 2021-11-12 11:56:56 ] [ localhost:9999 ] JWT still work with http://localhost:9999/admin/ctrl
[ 2021-11-12 11:56:56 ] [ localhost:9999 ] Oops, Command injection still there
[ 2021-11-12 11:56:56 ] [ localhost:9999 ] Still can request http://localhost:9999/users/profile with hacker's token
[ 2021-11-12 11:56:56 ] [ localhost:9999 ] JWT still work with http://localhost:9999/users/profile
[ 2021-11-12 11:56:59 ] [ localhost:9999 ] http://localhost:9999/ is alive
[ 2021-11-12 11:56:59 ] [ localhost:9999 ] http://localhost:9999/shop is alive
[ 2021-11-12 11:56:59 ] [ localhost:9999 ] http://localhost:9999/users is alive
[ 2021-11-12 11:56:59 ] [ localhost:9999 ] http://localhost:9999/api/auth/login is alive
[ 2021-11-12 11:56:59 ] [ localhost:9999 ] http://localhost:9999/api/auth/logout is alive
[ 2021-11-12 11:56:59 ] [ localhost:9999 ] Still can request http://localhost:9999/admin/ctrl with hacker's token
[ 2021-11-12 11:56:59 ] [ localhost:9999 ] JWT still work with http://localhost:9999/admin/ctrl
[ 2021-11-12 11:56:59 ] [ localhost:9999 ] Oops, Command injection still there
[ 2021-11-12 11:56:59 ] [ localhost:9999 ] Still can request http://localhost:9999/users/profile with hacker's token
[ 2021-11-12 11:56:59 ] [ localhost:9999 ] JWT still work with http://localhost:9999/users/profile
[ 2021-11-12 11:57:02 ] [ localhost:9999 ] http://localhost:9999/ is alive
[ 2021-11-12 11:57:02 ] [ localhost:9999 ] http://localhost:9999/shop is alive
[ 2021-11-12 11:57:02 ] [ localhost:9999 ] http://localhost:9999/users is alive
[ 2021-11-12 11:57:03 ] [ localhost:9999 ] http://localhost:9999/api/auth/login is alive
[ 2021-11-12 11:57:03 ] [ localhost:9999 ] http://localhost:9999/api/auth/logout is alive
[ 2021-11-12 11:57:03 ] [ localhost:9999 ] Still can request http://localhost:9999/admin/ctrl with hacker's token
[ 2021-11-12 11:57:03 ] [ localhost:9999 ] JWT still work with http://localhost:9999/admin/ctrl
[ 2021-11-12 11:57:03 ] [ localhost:9999 ] Oops, Command injection still there
[ 2021-11-12 11:57:03 ] [ localhost:9999 ] Still can request http://localhost:9999/users/profile with hacker's token
[ 2021-11-12 11:57:03 ] [ localhost:9999 ] JWT still work with http://localhost:9999/users/profile
[ 2021-11-12 11:57:06 ] [ localhost:9999 ] http://localhost:9999/ is alive
[ 2021-11-12 11:57:06 ] [ localhost:9999 ] http://localhost:9999/shop is alive
[ 2021-11-12 11:57:06 ] [ localhost:9999 ] http://localhost:9999/users is alive
[ 2021-11-12 11:57:06 ] [ localhost:9999 ] http://localhost:9999/api/auth/login is alive
[ 2021-11-12 11:57:06 ] [ localhost:9999 ] http://localhost:9999/api/auth/logout is alive
[ 2021-11-12 11:57:06 ] [ localhost:9999 ] Still can request http://localhost:9999/admin/ctrl with hacker's token
[ 2021-11-12 11:57:06 ] [ localhost:9999 ] JWT still work with http://localhost:9999/admin/ctrl
[ 2021-11-12 11:57:06 ] [ localhost:9999 ] Oops, Command injection still there
[ 2021-11-12 11:57:06 ] [ localhost:9999 ] Still can request http://localhost:9999/users/profile with hacker's token
[ 2021-11-12 11:57:06 ] [ localhost:9999 ] JWT still work with http://localhost:9999/users/profile
[ 2021-11-12 11:57:09 ] [ localhost:9999 ] http://localhost:9999/ is alive
[ 2021-11-12 11:57:09 ] [ localhost:9999 ] http://localhost:9999/shop is alive
[ 2021-11-12 11:57:09 ] [ localhost:9999 ] http://localhost:9999/users is alive
[ 2021-11-12 11:57:09 ] [ localhost:9999 ] http://localhost:9999/api/auth/login is alive
[ 2021-11-12 11:57:09 ] [ localhost:9999 ] http://localhost:9999/api/auth/logout is alive
[ 2021-11-12 11:57:09 ] [ localhost:9999 ] Still can request http://localhost:9999/admin/ctrl with hacker's token
[ 2021-11-12 11:57:09 ] [ localhost:9999 ] JWT still work with http://localhost:9999/admin/ctrl
[ 2021-11-12 11:57:09 ] [ localhost:9999 ] Oops, Command injection still there
[ 2021-11-12 11:57:09 ] [ localhost:9999 ] Still can request http://localhost:9999/users/profile with hacker's token
[ 2021-11-12 11:57:09 ] [ localhost:9999 ] JWT still work with http://localhost:9999/users/profile
[ 2021-11-12 11:57:12 ] [ localhost:9999 ] http://localhost:9999/ is alive
[ 2021-11-12 11:57:12 ] [ localhost:9999 ] http://localhost:9999/shop is alive
[ 2021-11-12 11:57:12 ] [ localhost:9999 ] http://localhost:9999/users is alive
[ 2021-11-12 11:57:12 ] [ localhost:9999 ] http://localhost:9999/api/auth/login is alive
[ 2021-11-12 11:57:12 ] [ localhost:9999 ] http://localhost:9999/api/auth/logout is alive
[ 2021-11-12 11:57:12 ] [ localhost:9999 ] Still can request http://localhost:9999/admin/ctrl with hacker's token
[ 2021-11-12 11:57:12 ] [ localhost:9999 ] JWT still work with http://localhost:9999/admin/ctrl
[ 2021-11-12 11:57:12 ] [ localhost:9999 ] Oops, Command injection still there
[ 2021-11-12 11:57:12 ] [ localhost:9999 ] Still can request http://localhost:9999/users/profile with hacker's token
[ 2021-11-12 11:57:12 ] [ localhost:9999 ] JWT still work with http://localhost:9999/users/profile
[ 2021-11-12 11:57:15 ] [ localhost:9999 ] http://localhost:9999/ is alive
[ 2021-11-12 11:57:15 ] [ localhost:9999 ] http://localhost:9999/shop is alive
[ 2021-11-12 11:57:15 ] [ localhost:9999 ] http://localhost:9999/users is alive
[ 2021-11-12 11:57:15 ] [ localhost:9999 ] http://localhost:9999/api/auth/login is alive
[ 2021-11-12 11:57:15 ] [ localhost:9999 ] http://localhost:9999/api/auth/logout is alive
[ 2021-11-12 11:57:15 ] [ localhost:9999 ] Still can request http://localhost:9999/admin/ctrl with hacker's token
[ 2021-11-12 11:57:15 ] [ localhost:9999 ] JWT still work with http://localhost:9999/admin/ctrl
[ 2021-11-12 11:57:15 ] [ localhost:9999 ] Oops, Command injection still there
[ 2021-11-12 11:57:15 ] [ localhost:9999 ] Still can request http://localhost:9999/users/profile with hacker's token
[ 2021-11-12 11:57:15 ] [ localhost:9999 ] JWT still work with http://localhost:9999/users/profile
[ 2021-11-12 11:57:18 ] [ localhost:9999 ] http://localhost:9999/ is alive
[ 2021-11-12 11:57:18 ] [ localhost:9999 ] http://localhost:9999/shop is alive
[ 2021-11-12 11:57:18 ] [ localhost:9999 ] http://localhost:9999/users is alive
[ 2021-11-12 11:57:18 ] [ localhost:9999 ] http://localhost:9999/api/auth/login is alive
[ 2021-11-12 11:57:18 ] [ localhost:9999 ] http://localhost:9999/api/auth/logout is alive
[ 2021-11-12 11:57:18 ] [ localhost:9999 ] Still can request http://localhost:9999/admin/ctrl with hacker's token
[ 2021-11-12 11:57:18 ] [ localhost:9999 ] JWT still work with http://localhost:9999/admin/ctrl
[ 2021-11-12 11:57:18 ] [ localhost:9999 ] Oops, Command injection still there
[ 2021-11-12 11:57:18 ] [ localhost:9999 ] Still can request http://localhost:9999/users/profile with hacker's token
[ 2021-11-12 11:57:18 ] [ localhost:9999 ] JWT still work with http://localhost:9999/users/profile
[ 2021-11-12 11:57:21 ] [ localhost:9999 ] http://localhost:9999/ is alive
[ 2021-11-12 11:57:21 ] [ localhost:9999 ] http://localhost:9999/shop is alive
[ 2021-11-12 11:57:21 ] [ localhost:9999 ] http://localhost:9999/users is alive
[ 2021-11-12 11:57:21 ] [ localhost:9999 ] http://localhost:9999/api/auth/login is alive
[ 2021-11-12 11:57:21 ] [ localhost:9999 ] http://localhost:9999/api/auth/logout is alive
[ 2021-11-12 11:57:21 ] [ localhost:9999 ] Still can request http://localhost:9999/admin/ctrl with hacker's token
[ 2021-11-12 11:57:21 ] [ localhost:9999 ] JWT still work with http://localhost:9999/admin/ctrl
[ 2021-11-12 11:57:21 ] [ localhost:9999 ] Oops, Command injection still there
[ 2021-11-12 11:57:21 ] [ localhost:9999 ] Still can request http://localhost:9999/users/profile with hacker's token
[ 2021-11-12 11:57:21 ] [ localhost:9999 ] JWT still work with http://localhost:9999/users/profile
[ 2021-11-12 11:57:24 ] [ localhost:9999 ] http://localhost:9999/ is alive
[ 2021-11-12 11:57:24 ] [ localhost:9999 ] http://localhost:9999/shop is alive
[ 2021-11-12 11:57:24 ] [ localhost:9999 ] http://localhost:9999/users is alive
[ 2021-11-12 11:57:24 ] [ localhost:9999 ] http://localhost:9999/api/auth/login is alive
[ 2021-11-12 11:57:24 ] [ localhost:9999 ] http://localhost:9999/api/auth/logout is alive
[ 2021-11-12 11:57:24 ] [ localhost:9999 ] Still can request http://localhost:9999/admin/ctrl with hacker's token
[ 2021-11-12 11:57:24 ] [ localhost:9999 ] JWT still work with http://localhost:9999/admin/ctrl
[ 2021-11-12 11:57:25 ] [ localhost:9999 ] Oops, Command injection still there
[ 2021-11-12 11:57:25 ] [ localhost:9999 ] Still can request http://localhost:9999/users/profile with hacker's token
[ 2021-11-12 11:57:25 ] [ localhost:9999 ] JWT still work with http://localhost:9999/users/profile
[ 2021-11-12 11:57:28 ] [ localhost:9999 ] http://localhost:9999/ is alive
[ 2021-11-12 11:57:28 ] [ localhost:9999 ] http://localhost:9999/shop is alive
[ 2021-11-12 11:57:28 ] [ localhost:9999 ] http://localhost:9999/users is alive
[ 2021-11-12 11:57:28 ] [ localhost:9999 ] http://localhost:9999/api/auth/login is alive
[ 2021-11-12 11:57:28 ] [ localhost:9999 ] http://localhost:9999/api/auth/logout is alive
[ 2021-11-12 11:57:28 ] [ localhost:9999 ] Still can request http://localhost:9999/admin/ctrl with hacker's token
[ 2021-11-12 11:57:28 ] [ localhost:9999 ] JWT still work with http://localhost:9999/admin/ctrl
[ 2021-11-12 11:57:28 ] [ localhost:9999 ] Oops, Command injection still there
[ 2021-11-12 11:57:28 ] [ localhost:9999 ] Still can request http://localhost:9999/users/profile with hacker's token
[ 2021-11-12 11:57:28 ] [ localhost:9999 ] JWT still work with http://localhost:9999/users/profile
[ 2021-11-12 11:57:31 ] [ localhost:9999 ] http://localhost:9999/ is alive
[ 2021-11-12 11:57:31 ] [ localhost:9999 ] http://localhost:9999/shop is alive
[ 2021-11-12 11:57:31 ] [ localhost:9999 ] http://localhost:9999/users is alive
[ 2021-11-12 11:57:31 ] [ localhost:9999 ] http://localhost:9999/api/auth/login is alive
[ 2021-11-12 11:57:31 ] [ localhost:9999 ] http://localhost:9999/api/auth/logout is alive
[ 2021-11-12 11:57:31 ] [ localhost:9999 ] Still can request http://localhost:9999/admin/ctrl with hacker's token
[ 2021-11-12 11:57:31 ] [ localhost:9999 ] JWT still work with http://localhost:9999/admin/ctrl
[ 2021-11-12 11:57:31 ] [ localhost:9999 ] Oops, Command injection still there
[ 2021-11-12 11:57:31 ] [ localhost:9999 ] Still can request http://localhost:9999/users/profile with hacker's token
[ 2021-11-12 11:57:31 ] [ localhost:9999 ] JWT still work with http://localhost:9999/users/profile
[ 2021-11-12 11:57:34 ] [ localhost:9999 ] http://localhost:9999/ is alive
[ 2021-11-12 11:57:34 ] [ localhost:9999 ] http://localhost:9999/shop is alive
[ 2021-11-12 11:57:34 ] [ localhost:9999 ] http://localhost:9999/users is alive
[ 2021-11-12 11:57:34 ] [ localhost:9999 ] http://localhost:9999/api/auth/login is alive
[ 2021-11-12 11:57:34 ] [ localhost:9999 ] http://localhost:9999/api/auth/logout is alive
[ 2021-11-12 11:57:34 ] [ localhost:9999 ] Still can request http://localhost:9999/admin/ctrl with hacker's token
[ 2021-11-12 11:57:34 ] [ localhost:9999 ] JWT still work with http://localhost:9999/admin/ctrl
[ 2021-11-12 11:57:34 ] [ localhost:9999 ] Oops, Command injection still there
[ 2021-11-12 11:57:34 ] [ localhost:9999 ] Still can request http://localhost:9999/users/profile with hacker's token
[ 2021-11-12 11:57:34 ] [ localhost:9999 ] JWT still work with http://localhost:9999/users/profile
[ 2021-11-12 11:57:37 ] [ localhost:9999 ] http://localhost:9999/ is alive
[ 2021-11-12 11:57:37 ] [ localhost:9999 ] http://localhost:9999/shop is alive
[ 2021-11-12 11:57:37 ] [ localhost:9999 ] http://localhost:9999/users is alive
[ 2021-11-12 11:57:37 ] [ localhost:9999 ] http://localhost:9999/api/auth/login is alive
[ 2021-11-12 11:57:37 ] [ localhost:9999 ] http://localhost:9999/api/auth/logout is alive
[ 2021-11-12 11:57:37 ] [ localhost:9999 ] Still can request http://localhost:9999/admin/ctrl with hacker's token
[ 2021-11-12 11:57:37 ] [ localhost:9999 ] JWT still work with http://localhost:9999/admin/ctrl
[ 2021-11-12 11:57:37 ] [ localhost:9999 ] Oops, Command injection still there
[ 2021-11-12 11:57:37 ] [ localhost:9999 ] Still can request http://localhost:9999/users/profile with hacker's token
[ 2021-11-12 11:57:37 ] [ localhost:9999 ] JWT still work with http://localhost:9999/users/profile
[ 2021-11-12 11:57:40 ] [ localhost:9999 ] http://localhost:9999/ is alive
[ 2021-11-12 11:57:40 ] [ localhost:9999 ] http://localhost:9999/shop is alive
[ 2021-11-12 11:57:40 ] [ localhost:9999 ] http://localhost:9999/users is alive
[ 2021-11-12 11:57:40 ] [ localhost:9999 ] http://localhost:9999/api/auth/login is alive
[ 2021-11-12 11:57:40 ] [ localhost:9999 ] http://localhost:9999/api/auth/logout is alive
[ 2021-11-12 11:57:40 ] [ localhost:9999 ] Still can request http://localhost:9999/admin/ctrl with hacker's token
[ 2021-11-12 11:57:40 ] [ localhost:9999 ] JWT still work with http://localhost:9999/admin/ctrl
[ 2021-11-12 11:57:40 ] [ localhost:9999 ] Oops, Command injection still there
[ 2021-11-12 11:57:40 ] [ localhost:9999 ] Still can request http://localhost:9999/users/profile with hacker's token
[ 2021-11-12 11:57:40 ] [ localhost:9999 ] JWT still work with http://localhost:9999/users/profile
[ 2021-11-12 11:57:43 ] [ localhost:9999 ] http://localhost:9999/ is alive
[ 2021-11-12 11:57:43 ] [ localhost:9999 ] http://localhost:9999/shop is alive
[ 2021-11-12 11:57:43 ] [ localhost:9999 ] http://localhost:9999/users is alive
[ 2021-11-12 11:57:43 ] [ localhost:9999 ] http://localhost:9999/api/auth/login is alive
[ 2021-11-12 11:57:43 ] [ localhost:9999 ] http://localhost:9999/api/auth/logout is alive
[ 2021-11-12 11:57:43 ] [ localhost:9999 ] Still can request http://localhost:9999/admin/ctrl with hacker's token
[ 2021-11-12 11:57:43 ] [ localhost:9999 ] JWT still work with http://localhost:9999/admin/ctrl
[ 2021-11-12 11:57:43 ] [ localhost:9999 ] Oops, Command injection still there
[ 2021-11-12 11:57:43 ] [ localhost:9999 ] Still can request http://localhost:9999/users/profile with hacker's token
[ 2021-11-12 11:57:43 ] [ localhost:9999 ] JWT still work with http://localhost:9999/users/profile
[ 2021-11-12 11:57:46 ] [ localhost:9999 ] http://localhost:9999/ is alive
[ 2021-11-12 11:57:46 ] [ localhost:9999 ] http://localhost:9999/shop is alive
[ 2021-11-12 11:57:46 ] [ localhost:9999 ] http://localhost:9999/users is alive
[ 2021-11-12 11:57:46 ] [ localhost:9999 ] Could not connect to http://localhost:9999/api/auth/login
[ 2021-11-12 11:57:46 ] [ localhost:9999 ] Web server closed
[ 2021-11-12 11:57:46 ] [ localhost:9999 ] http://localhost:9999/api/auth/logout is alive
[ 2021-11-12 11:57:46 ] [ localhost:9999 ] Still can request http://localhost:9999/admin/ctrl with hacker's token
[ 2021-11-12 11:57:46 ] [ localhost:9999 ] JWT still work with http://localhost:9999/admin/ctrl
[ 2021-11-12 11:57:47 ] [ localhost:9999 ] Oops, Command injection still there
[ 2021-11-12 11:57:47 ] [ localhost:9999 ] Still can request http://localhost:9999/users/profile with hacker's token
[ 2021-11-12 11:57:47 ] [ localhost:9999 ] JWT still work with http://localhost:9999/users/profile
